<?xml version="1.0" encoding="UTF-8"?>
<testng-results ignored="0" total="1" passed="1" failed="0" skipped="0">
  <reporter-output>
  </reporter-output>
  <suite started-at="2020-10-17T17:36:03 IST" name="Default suite" finished-at="2020-10-17T17:36:32 IST" duration-ms="28977">
    <groups>
    </groups>
    <test started-at="2020-10-17T17:36:03 IST" name="Default test" finished-at="2020-10-17T17:36:32 IST" duration-ms="28977">
      <class name="com.qa.gittestcases.createnewprojecttesting">
        <test-method is-config="true" signature="setup()[pri:0, instance:com.qa.gittestcases.createnewprojecttesting@2ea227af]" started-at="2020-10-17T17:36:03 IST" name="setup" finished-at="2020-10-17T17:36:24 IST" duration-ms="21123" status="PASS">
          <reporter-output>
          </reporter-output>
        </test-method> <!-- setup -->
        <test-method signature="newProject()[pri:0, instance:com.qa.gittestcases.createnewprojecttesting@2ea227af]" started-at="2020-10-17T17:36:24 IST" name="newProject" finished-at="2020-10-17T17:36:31 IST" duration-ms="6888" status="PASS">
          <reporter-output>
          </reporter-output>
        </test-method> <!-- newProject -->
        <test-method is-config="true" signature="Teardown()[pri:0, instance:com.qa.gittestcases.createnewprojecttesting@2ea227af]" started-at="2020-10-17T17:36:31 IST" name="Teardown" finished-at="2020-10-17T17:36:32 IST" duration-ms="910" status="PASS">
          <reporter-output>
          </reporter-output>
        </test-method> <!-- Teardown -->
      </class> <!-- com.qa.gittestcases.createnewprojecttesting -->
    </test> <!-- Default test -->
  </suite> <!-- Default suite -->
</testng-results>
